#
# There is insufficient memory for the Java Runtime Environment to continue.
# Native memory allocation (mmap) failed to map 201326592 bytes for Failed to commit area from 0x0000000740c00000 to 0x000000074cc00000 of length 201326592.
# Possible reasons:
#   The system is out of physical RAM or swap space
#   The process is running with CompressedOops enabled, and the Java Heap may be blocking the growth of the native heap
# Possible solutions:
#   Reduce memory load on the system
#   Increase physical memory or swap space
#   Check if swap backing store is full
#   Decrease Java heap size (-Xmx/-Xms)
#   Decrease number of Java threads
#   Decrease Java thread stack sizes (-Xss)
#   Set larger code cache with -XX:ReservedCodeCacheSize=
# This output file may be truncated or incomplete.
#
#  Out of Memory Error (t:/workspace/open/src/hotspot/os/windows/os_windows.cpp:3264), pid=26156, tid=36812
#
# JRE version:  (12.0.2+10) (build )
# Java VM: Java HotSpot(TM) 64-Bit Server VM (12.0.2+10, mixed mode, aot, sharing, tiered, compressed oops, g1 gc, windows-amd64)
# No core dump will be written. Minidumps are not enabled by default on client versions of Windows
#

---------------  S U M M A R Y ------------

Command Line: -Dfile.encoding=Cp1252 JDBCGUI

Host: Intel(R) Core(TM) i7-4700MQ CPU @ 2.40GHz, 8 cores, 11G,  Windows 10 , 64 bit Build 18362 (10.0.18362.329)
Time: Thu Oct 10 18:34:50 2019 GMT Daylight Time elapsed time: 0 seconds (0d 0h 0m 0s)

---------------  T H R E A D  ---------------

Current thread (0x0000023bc611b800):  JavaThread "Unknown thread" [_thread_in_vm, id=36812, stack(0x0000005619200000,0x0000005619300000)]

Stack: [0x0000005619200000,0x0000005619300000]
Native frames: (J=compiled Java code, j=interpreted, Vv=VM code, C=native code)
V  [jvm.dll+0x63aa2a]
V  [jvm.dll+0x78ce1e]
V  [jvm.dll+0x78e4c1]
V  [jvm.dll+0x78eb13]
V  [jvm.dll+0x2627e8]
V  [jvm.dll+0x637f5a]
V  [jvm.dll+0x62c845]
V  [jvm.dll+0x31e49c]
V  [jvm.dll+0x31e2cf]
V  [jvm.dll+0x324006]
V  [jvm.dll+0x371f56]
V  [jvm.dll+0x371720]
V  [jvm.dll+0x2f845a]
V  [jvm.dll+0x2f96d2]
V  [jvm.dll+0x767267]
V  [jvm.dll+0x7689f5]
V  [jvm.dll+0x380059]
V  [jvm.dll+0x74b794]
V  [jvm.dll+0x3ef5cd]
V  [jvm.dll+0x3f1471]
C  [jli.dll+0x51cf]
C  [ucrtbase.dll+0x1d9f2]
C  [KERNEL32.DLL+0x17bd4]
C  [ntdll.dll+0x6cee1]


---------------  P R O C E S S  ---------------

Threads class SMR info:
_java_thread_list=0x00007ffc50977928, length=0, elements={
}

Java Threads: ( => current thread )

Other Threads:
  0x0000023bc616c800 GCTaskThread "GC Thread#0" [stack: 0x0000005619300000,0x0000005619400000] [id=32936]
  0x0000023bc6181800 ConcurrentGCThread "G1 Main Marker" [stack: 0x0000005619400000,0x0000005619500000] [id=35636]
  0x0000023bc6185000 ConcurrentGCThread "G1 Conc#0" [stack: 0x0000005619500000,0x0000005619600000] [id=25492]

[error occurred during error reporting (printing all threads), id 0xc0000005, EXCEPTION_ACCESS_VIOLATION (0xc0000005) at pc=0x00007ffc501a85e7]

VM state:not at safepoint (not fully initialized)

VM Mutex/Monitor currently owned by a thread:  ([mutex/lock_event])
[0x0000023bc61165f0] Heap_lock - owner thread: 0x0000023bc611b800

Heap address: 0x0000000740c00000, size: 3060 MB, Compressed Oops mode: Non-zero based: 0x0000000740c00000
Narrow klass base: 0x0000000000000000, Narrow klass shift: 0

GC Heap History (0 events):
No events

Deoptimization events (0 events):
No events

Classes redefined (0 events):
No events

Internal exceptions (0 events):
No events

Events (0 events):
No events


Dynamic libraries:
0x00007ff72f340000 - 0x00007ff72f34f000 	C:\Program Files\Java\jdk-12.0.2\bin\javaw.exe
0x00007ffc87bc0000 - 0x00007ffc87db0000 	C:\WINDOWS\SYSTEM32\ntdll.dll
0x00007ffc872d0000 - 0x00007ffc87382000 	C:\WINDOWS\System32\KERNEL32.DLL
0x00007ffc85740000 - 0x00007ffc859e3000 	C:\WINDOWS\System32\KERNELBASE.dll
0x00007ffc854f0000 - 0x00007ffc855ea000 	C:\WINDOWS\System32\ucrtbase.dll
0x00007ffc717f0000 - 0x00007ffc71806000 	C:\Program Files\Java\jdk-12.0.2\bin\VCRUNTIME140.dll
0x00007ffc7c460000 - 0x00007ffc7c478000 	C:\Program Files\Java\jdk-12.0.2\bin\jli.dll
0x00007ffc86df0000 - 0x00007ffc86e93000 	C:\WINDOWS\System32\ADVAPI32.dll
0x00007ffc87230000 - 0x00007ffc872ce000 	C:\WINDOWS\System32\msvcrt.dll
0x00007ffc87000000 - 0x00007ffc87097000 	C:\WINDOWS\System32\sechost.dll
0x00007ffc86270000 - 0x00007ffc86390000 	C:\WINDOWS\System32\RPCRT4.dll
0x00007ffc86020000 - 0x00007ffc861b3000 	C:\WINDOWS\System32\USER32.dll
0x00007ffc85b70000 - 0x00007ffc85b91000 	C:\WINDOWS\System32\win32u.dll
0x00007ffc6e240000 - 0x00007ffc6e4c5000 	C:\WINDOWS\WinSxS\amd64_microsoft.windows.common-controls_6595b64144ccf1df_6.0.18362.356_none_e6c4af7d130f27cc\COMCTL32.dll
0x00007ffc86510000 - 0x00007ffc86536000 	C:\WINDOWS\System32\GDI32.dll
0x00007ffc85ce0000 - 0x00007ffc86016000 	C:\WINDOWS\System32\combase.dll
0x00007ffc85350000 - 0x00007ffc854e4000 	C:\WINDOWS\System32\gdi32full.dll
0x00007ffc85a50000 - 0x00007ffc85ad0000 	C:\WINDOWS\System32\bcryptPrimitives.dll
0x00007ffc85ad0000 - 0x00007ffc85b6e000 	C:\WINDOWS\System32\msvcp_win.dll
0x00007ffc7ff30000 - 0x00007ffc7ff3a000 	C:\WINDOWS\SYSTEM32\VERSION.dll
0x00007ffc87200000 - 0x00007ffc8722e000 	C:\WINDOWS\System32\IMM32.DLL
0x00007ffc630a0000 - 0x00007ffc6314a000 	C:\Program Files\Java\jdk-12.0.2\bin\msvcp140.dll
0x00007ffc4fea0000 - 0x00007ffc50a17000 	C:\Program Files\Java\jdk-12.0.2\bin\server\jvm.dll
0x00007ffc85c70000 - 0x00007ffc85c78000 	C:\WINDOWS\System32\PSAPI.DLL
0x00007ffc7ff00000 - 0x00007ffc7ff24000 	C:\WINDOWS\SYSTEM32\WINMM.dll
0x00007ffc82dc0000 - 0x00007ffc82dc9000 	C:\WINDOWS\SYSTEM32\WSOCK32.dll
0x00007ffc86390000 - 0x00007ffc863ff000 	C:\WINDOWS\System32\WS2_32.dll
0x00007ffc7fed0000 - 0x00007ffc7fefd000 	C:\WINDOWS\SYSTEM32\WINMMBASE.dll
0x00007ffc84b80000 - 0x00007ffc84bca000 	C:\WINDOWS\System32\cfgmgr32.dll
0x00007ffc84af0000 - 0x00007ffc84b01000 	C:\WINDOWS\System32\kernel.appcore.dll
0x00007ffc7c440000 - 0x00007ffc7c451000 	C:\Program Files\Java\jdk-12.0.2\bin\verify.dll
0x00007ffc7cf40000 - 0x00007ffc7d134000 	C:\WINDOWS\SYSTEM32\DBGHELP.DLL
0x00007ffc7fd40000 - 0x00007ffc7fd6a000 	C:\WINDOWS\SYSTEM32\dbgcore.DLL
0x00007ffc7a860000 - 0x00007ffc7a886000 	C:\Program Files\Java\jdk-12.0.2\bin\java.dll
0x00007ffc7b8f0000 - 0x00007ffc7b907000 	C:\Program Files\Java\jdk-12.0.2\bin\zip.dll
0x00007ffc7cf00000 - 0x00007ffc7cf0a000 	C:\Program Files\Java\jdk-12.0.2\bin\jimage.dll

dbghelp: loaded successfully - version: 4.0.5 - missing functions: none
symbol engine: initialized successfully - sym options: 0x614 - pdb path: .;C:\Program Files\Java\jdk-12.0.2\bin;C:\WINDOWS\SYSTEM32;C:\WINDOWS\WinSxS\amd64_microsoft.windows.common-controls_6595b64144ccf1df_6.0.18362.356_none_e6c4af7d130f27cc;C:\Program Files\Java\jdk-12.0.2\bin\server

VM Arguments:
jvm_args: -Dfile.encoding=Cp1252 
java_command: JDBCGUI
java_class_path (initial): C:\Users\Dylan\eclipse-workspace\DistributedSystemsAssignment1\bin;C:\Users\Dylan\Downloads\mysql-connector-java-8.0.17\mysql-connector-java-8.0.17\mysql-connector-java-8.0.17.jar
Launcher Type: SUN_STANDARD

[Global flags]
     intx CICompilerCount                          = 4                                         {product} {ergonomic}
     uint ConcGCThreads                            = 2                                         {product} {ergonomic}
     uint G1ConcRefinementThreads                  = 8                                         {product} {ergonomic}
   size_t G1HeapRegionSize                         = 1048576                                   {product} {ergonomic}
    uintx GCDrainStackTargetSize                   = 64                                        {product} {ergonomic}
   size_t InitialHeapSize                          = 201326592                                 {product} {ergonomic}
   size_t MarkStackSize                            = 4194304                                   {product} {ergonomic}
   size_t MaxHeapSize                              = 3208642560                                {product} {ergonomic}
   size_t MinHeapDeltaBytes                        = 1048576                                   {product} {ergonomic}
    uintx NonNMethodCodeHeapSize                   = 5836300                                {pd product} {ergonomic}
    uintx NonProfiledCodeHeapSize                  = 122910970                              {pd product} {ergonomic}
    uintx ProfiledCodeHeapSize                     = 122910970                              {pd product} {ergonomic}
    uintx ReservedCodeCacheSize                    = 251658240                              {pd product} {ergonomic}
     bool SegmentedCodeCache                       = true                                      {product} {ergonomic}
     bool UseCompressedClassPointers               = true                                 {lp64_product} {ergonomic}
     bool UseCompressedOops                        = true                                 {lp64_product} {ergonomic}
     bool UseG1GC                                  = true                                      {product} {ergonomic}
     bool UseLargePagesIndividualAllocation        = false                                  {pd product} {ergonomic}

Logging:
Log output configuration:
 #0: stdout all=warning uptime,level,tags
 #1: stderr all=off uptime,level,tags

Environment Variables:
PATH=C:/Program Files/Java/jdk-12.0.2/bin/server;C:/Program Files/Java/jdk-12.0.2/bin;C:\WINDOWS;C:\WINDOWS\System32\Wbem;C:\WINDOWS\System32\WindowsPowerShell\v1.0\;C:\WINDOWS\System32\OpenSSH\;C:\Program Files\Git\cmd;C:\Program Files\nodejs\;C:\Users\Dylan\Documents\FORENSICS;C:\Program Files\NVIDIA Corporation\NVIDIA NvDLISR;C:\Program Files (x86)\NVIDIA Corporation\PhysX\Common;%SystemRoot%\system32;%SystemRoot%;%SystemRoot%\System32\Wbem;%SYSTEMROOT%\System32\WindowsPowerShell\v1.0\;%SYSTEMROOT%\System32\OpenSSH\;C:\Android;C:\Windows\System32;C:\Users\Dylan\AppData\Local\Programs\Python\Python37\Scripts\;C:\Users\Dylan\AppData\Local\Programs\Python\Python37\;C:\Program Files\MySQL\MySQL Shell 8.0\bin\;C:\Users\Dylan\Desktop;
USERNAME=Dylan
OS=Windows_NT
PROCESSOR_IDENTIFIER=Intel64 Family 6 Model 60 Stepping 3, GenuineIntel



---------------  S Y S T E M  ---------------

OS: Windows 10 , 64 bit Build 18362 (10.0.18362.329)

CPU:total 8 (initial active 8) (4 cores per cpu, 2 threads per core) family 6 model 60 stepping 3, cmov, cx8, fxsr, mmx, sse, sse2, sse3, ssse3, sse4.1, sse4.2, popcnt, avx, avx2, aes, clmul, erms, lzcnt, ht, tsc, tscinvbit, bmi1, bmi2, fma

Memory: 4k page, system-wide physical 12234M (2561M free)
TotalPageFile size 49087M (AvailPageFile size 119M)
current process WorkingSet (physical memory assigned to process): 10M, peak: 10M
current process commit charge ("private bytes"): 60M, peak: 252M

vm_info: Java HotSpot(TM) 64-Bit Server VM (12.0.2+10) for windows-amd64 JRE (12.0.2+10), built on Jul 16 2019 01:56:17 by "mach5one" with MS VC++ 15.5 (VS2017)

END.
